<html>
<head>
<title>TestNG:  DataStructures Introduction</title>
<link href="../testng.css" rel="stylesheet" type="text/css" />
<link href="../my-testng.css" rel="stylesheet" type="text/css" />

<style type="text/css">
.log { display: none;} 
.stack-trace { display: none;} 
</style>
<script type="text/javascript">
<!--
function flip(e) {
  current = e.style.display;
  if (current == 'block') {
    e.style.display = 'none';
    return 0;
  }
  else {
    e.style.display = 'block';
    return 1;
  }
}

function toggleBox(szDivId, elem, msg1, msg2)
{
  var res = -1;  if (document.getElementById) {
    res = flip(document.getElementById(szDivId));
  }
  else if (document.all) {
    // this is the way old msie versions work
    res = flip(document.all[szDivId]);
  }
  if(elem) {
    if(res == 0) elem.innerHTML = msg1; else elem.innerHTML = msg2;
  }

}

function toggleAllBoxes() {
  if (document.getElementsByTagName) {
    d = document.getElementsByTagName('div');
    for (i = 0; i < d.length; i++) {
      if (d[i].className == 'log') {
        flip(d[i]);
      }
    }
  }
}

// -->
</script>

</head>
<body>
<h2 align='center'>DataStructures Introduction</h2><table border='1' align="center">
<tr>
<td>Tests passed/Failed/Skipped:</td><td>7/1/0</td>
</tr><tr>
<td>Started on:</td><td>Mon Nov 08 18:18:24 EST 2021</td>
</tr>
<tr><td>Total time:</td><td>163 seconds (163407 ms)</td>
</tr><tr>
<td>Included groups:</td><td></td>
</tr><tr>
<td>Excluded groups:</td><td></td>
</tr>
</table><p/>
<small><i>(Hover the method name to see the test class name)</i></small><p/>
<table width='100%' border='1' class='invocation-failed'>
<tr><td colspan='4' align='center'><b>FAILED TESTS</b></td></tr>
<tr><td><b>Test method</b></td>
<td width="30%"><b>Exception</b></td>
<td width="10%"><b>Time (seconds)</b></td>
<td><b>Instance</b></td>
</tr>
<tr>
<td title='com.numpy_ninja.dsalgo.dsintro.test.navigate_to_dsintropage_ddt.dsintropage_navigation()'><b>dsintropage_navigation</b><br>Test class: com.numpy_ninja.dsalgo.dsintro.test.navigate_to_dsintropage_ddt<br>Parameters: soniya, Hackathon2<br/>
<a href="#Output-1489461241" onClick='toggleBox("Output-1489461241", this, "Show output", "Hide output");'>Show output</a>

<a href="#Output-1489461241" onClick="toggleAllBoxes();">Show all outputs</a>
<div class='log' id="Output-1489461241">
Validate if the user is able to login with the Valid username and the password<br/>
User navigated to the Home page<br/>
User navigated to the Signin page<br/>
Username value is entered<br/>
Password value is entered<br/>
Submit button is clicked<br/>
</div>
</td>
<td><div><pre>org.openqa.selenium.NoSuchElementException: no such element: Unable to locate element: {&quot;method&quot;:&quot;xpath&quot;,&quot;selector&quot;:&quot;//a[@href=&apos;data-structures-introduction&apos;]&quot;}
  (Session info: chrome=95.0.4638.69)
For documentation on this error, please visit: https://www.seleniumhq.org/exceptions/no_such_element.html
Build info: version: &apos;3.141.59&apos;, revision: &apos;e82be7d358&apos;, time: &apos;2018-11-14T08:17:03&apos;
System info: host: &apos;DESKTOP-TROT5AG&apos;, ip: &apos;192.168.1.15&apos;, os.name: &apos;Windows 10&apos;, os.arch: &apos;amd64&apos;, os.version: &apos;10.0&apos;, java.version: &apos;11.0.12&apos;
Driver info: org.openqa.selenium.chrome.ChromeDriver
Capabilities {acceptInsecureCerts: false, browserName: chrome, browserVersion: 95.0.4638.69, chrome: {chromedriverVersion: 95.0.4638.54 (d31a821ec901f..., userDataDir: C:\Users\vishn\AppData\Loca...}, goog:chromeOptions: {debuggerAddress: localhost:65031}, javascriptEnabled: true, networkConnectionEnabled: false, pageLoadStrategy: normal, platform: WINDOWS, platformName: WINDOWS, proxy: Proxy(), setWindowRect: true, strictFileInteractability: false, timeouts: {implicit: 0, pageLoad: 300000, script: 30000}, unhandledPromptBehavior: dismiss and notify, webauthn:extension:credBlob: true, webauthn:extension:largeBlob: true, webauthn:virtualAuthenticators: true}
Session ID: 7d4234668ea8e2347e26c794a84f6e29
*** Element info: {Using=xpath, value=//a[@href=&apos;data-structures-introduction&apos;]}
	at org.openqa.selenium.remote.http.W3CHttpResponseCodec.createException(W3CHttpResponseCodec.java:187)
	at org.openqa.selenium.remote.http.W3CHttpResponseCodec.decode(W3CHttpResponseCodec.java:122)
	at org.openqa.selenium.remote.http.W3CHttpResponseCodec.decode(W3CHttpResponseCodec.java:49)
	at org.openqa.selenium.remote.HttpCommandExecutor.execute(HttpCommandExecutor.java:158)
	at org.openqa.selenium.remote.service.DriverCommandExecutor.execute(DriverCommandExecutor.java:83)
	at org.openqa.selenium.remote.RemoteWebDriver.execute(RemoteWebDriver.java:552)
	at org.openqa.selenium.remote.RemoteWebDriver.findElement(RemoteWebDriver.java:323)
	at org.openqa.selenium.remote.RemoteWebDriver.findElementByXPath(RemoteWebDriver.java:428)
	at org.openqa.selenium.By$ByXPath.findElement(By.java:353)
	at org.openqa.selenium.remote.RemoteWebDriver.findElement(RemoteWebDriver.java:315)
	at org.openqa.selenium.support.pagefactory.DefaultElementLocator.findElement(DefaultElementLocator.java:69)
	at org.openqa.selenium.support.pagefactory.internal.LocatingElementHandler.invoke(LocatingElementHandler.java:38)
	at com.sun.proxy.$Proxy17.click(Unknown Source)
	at com.numpy_ninja.dsalgo.pages.homePage_loggedin.click_dsintro_getstarted(homePage_loggedin.java:39)
	at com.numpy_ninja.dsalgo.dsintro.test.navigate_to_dsintropage_ddt.dsintropage_navigation(navigate_to_dsintropage_ddt.java:79)
	at java.base/java.util.concurrent.FutureTask.run(FutureTask.java:264)
	at java.base/java.util.concurrent.ThreadPoolExecutor.runWorker(ThreadPoolExecutor.java:1128)
	at java.base/java.util.concurrent.ThreadPoolExecutor$Worker.run(ThreadPoolExecutor.java:628)
	at java.base/java.lang.Thread.run(Thread.java:834)
... Removed 20 stack frames</pre></div><a href='#' onClick='toggleBox("stack-trace1489461241", this, "Click to show all stack frames", "Click to hide stack frames")'>Click to show all stack frames</a>
<div class='stack-trace' id='stack-trace1489461241'><pre>org.openqa.selenium.NoSuchElementException: no such element: Unable to locate element: {&quot;method&quot;:&quot;xpath&quot;,&quot;selector&quot;:&quot;//a[@href=&apos;data-structures-introduction&apos;]&quot;}
  (Session info: chrome=95.0.4638.69)
For documentation on this error, please visit: https://www.seleniumhq.org/exceptions/no_such_element.html
Build info: version: &apos;3.141.59&apos;, revision: &apos;e82be7d358&apos;, time: &apos;2018-11-14T08:17:03&apos;
System info: host: &apos;DESKTOP-TROT5AG&apos;, ip: &apos;192.168.1.15&apos;, os.name: &apos;Windows 10&apos;, os.arch: &apos;amd64&apos;, os.version: &apos;10.0&apos;, java.version: &apos;11.0.12&apos;
Driver info: org.openqa.selenium.chrome.ChromeDriver
Capabilities {acceptInsecureCerts: false, browserName: chrome, browserVersion: 95.0.4638.69, chrome: {chromedriverVersion: 95.0.4638.54 (d31a821ec901f..., userDataDir: C:\Users\vishn\AppData\Loca...}, goog:chromeOptions: {debuggerAddress: localhost:65031}, javascriptEnabled: true, networkConnectionEnabled: false, pageLoadStrategy: normal, platform: WINDOWS, platformName: WINDOWS, proxy: Proxy(), setWindowRect: true, strictFileInteractability: false, timeouts: {implicit: 0, pageLoad: 300000, script: 30000}, unhandledPromptBehavior: dismiss and notify, webauthn:extension:credBlob: true, webauthn:extension:largeBlob: true, webauthn:virtualAuthenticators: true}
Session ID: 7d4234668ea8e2347e26c794a84f6e29
*** Element info: {Using=xpath, value=//a[@href=&apos;data-structures-introduction&apos;]}
	at java.base/jdk.internal.reflect.NativeConstructorAccessorImpl.newInstance0(Native Method)
	at java.base/jdk.internal.reflect.NativeConstructorAccessorImpl.newInstance(NativeConstructorAccessorImpl.java:62)
	at java.base/jdk.internal.reflect.DelegatingConstructorAccessorImpl.newInstance(DelegatingConstructorAccessorImpl.java:45)
	at java.base/java.lang.reflect.Constructor.newInstance(Constructor.java:490)
	at org.openqa.selenium.remote.http.W3CHttpResponseCodec.createException(W3CHttpResponseCodec.java:187)
	at org.openqa.selenium.remote.http.W3CHttpResponseCodec.decode(W3CHttpResponseCodec.java:122)
	at org.openqa.selenium.remote.http.W3CHttpResponseCodec.decode(W3CHttpResponseCodec.java:49)
	at org.openqa.selenium.remote.HttpCommandExecutor.execute(HttpCommandExecutor.java:158)
	at org.openqa.selenium.remote.service.DriverCommandExecutor.execute(DriverCommandExecutor.java:83)
	at org.openqa.selenium.remote.RemoteWebDriver.execute(RemoteWebDriver.java:552)
	at org.openqa.selenium.remote.RemoteWebDriver.findElement(RemoteWebDriver.java:323)
	at org.openqa.selenium.remote.RemoteWebDriver.findElementByXPath(RemoteWebDriver.java:428)
	at org.openqa.selenium.By$ByXPath.findElement(By.java:353)
	at org.openqa.selenium.remote.RemoteWebDriver.findElement(RemoteWebDriver.java:315)
	at org.openqa.selenium.support.pagefactory.DefaultElementLocator.findElement(DefaultElementLocator.java:69)
	at org.openqa.selenium.support.pagefactory.internal.LocatingElementHandler.invoke(LocatingElementHandler.java:38)
	at com.sun.proxy.$Proxy17.click(Unknown Source)
	at com.numpy_ninja.dsalgo.pages.homePage_loggedin.click_dsintro_getstarted(homePage_loggedin.java:39)
	at com.numpy_ninja.dsalgo.dsintro.test.navigate_to_dsintropage_ddt.dsintropage_navigation(navigate_to_dsintropage_ddt.java:79)
	at java.base/jdk.internal.reflect.NativeMethodAccessorImpl.invoke0(Native Method)
	at java.base/jdk.internal.reflect.NativeMethodAccessorImpl.invoke(NativeMethodAccessorImpl.java:62)
	at java.base/jdk.internal.reflect.DelegatingMethodAccessorImpl.invoke(DelegatingMethodAccessorImpl.java:43)
	at java.base/java.lang.reflect.Method.invoke(Method.java:566)
	at org.testng.internal.MethodInvocationHelper.invokeMethod(MethodInvocationHelper.java:124)
	at org.testng.internal.Invoker.invokeMethod(Invoker.java:583)
	at org.testng.internal.Invoker.invokeTestMethod(Invoker.java:719)
	at org.testng.internal.Invoker.invokeTestMethods(Invoker.java:989)
	at org.testng.internal.TestMethodWorker.invokeTestMethods(TestMethodWorker.java:125)
	at org.testng.internal.TestMethodWorker.run(TestMethodWorker.java:109)
	at org.testng.TestRunner.privateRun(TestRunner.java:648)
	at org.testng.TestRunner.run(TestRunner.java:505)
	at org.testng.SuiteRunner.runTest(SuiteRunner.java:455)
	at org.testng.SuiteRunner.access$000(SuiteRunner.java:40)
	at org.testng.SuiteRunner$SuiteWorker.run(SuiteRunner.java:489)
	at org.testng.internal.thread.ThreadUtil$1.call(ThreadUtil.java:52)
	at java.base/java.util.concurrent.FutureTask.run(FutureTask.java:264)
	at java.base/java.util.concurrent.ThreadPoolExecutor.runWorker(ThreadPoolExecutor.java:1128)
	at java.base/java.util.concurrent.ThreadPoolExecutor$Worker.run(ThreadPoolExecutor.java:628)
	at java.base/java.lang.Thread.run(Thread.java:834)
</pre></div></td>
<td>5</td>
<td>com.numpy_ninja.dsalgo.dsintro.test.navigate_to_dsintropage_ddt@5d99c6b5</td></tr>
</table><p>
<table width='100%' border='1' class='invocation-passed'>
<tr><td colspan='4' align='center'><b>PASSED TESTS</b></td></tr>
<tr><td><b>Test method</b></td>
<td width="30%"><b>Exception</b></td>
<td width="10%"><b>Time (seconds)</b></td>
<td><b>Instance</b></td>
</tr>
<tr>
<td title='com.numpy_ninja.dsalgo.dsintro.test.dsIntroPage_Test.dsintropage_navigation()'><b>dsintropage_navigation</b><br>Test class: com.numpy_ninja.dsalgo.dsintro.test.dsIntroPage_Test<br/>
<a href="#Output-1751646268" onClick='toggleBox("Output-1751646268", this, "Show output", "Hide output");'>Show output</a>

<a href="#Output-1751646268" onClick="toggleAllBoxes();">Show all outputs</a>
<div class='log' id="Output-1751646268">
Validate if the user is able to login with the Valid username and the password<br/>
User navigated to the Home page<br/>
User navigated to the Signin page<br/>
Username value is entered<br/>
Password value is entered<br/>
Submit button is entered<br/>
User is at the Data Structures Introduction page<br/>
</div>
</td>
<td></td>
<td>15</td>
<td>com.numpy_ninja.dsalgo.dsintro.test.dsIntroPage_Test@a37aefe</td></tr>
<tr>
<td title='com.numpy_ninja.dsalgo.dsintro.test.navigate_to_dsintropage_ddt.dsintropage_navigation()'><b>dsintropage_navigation</b><br>Test class: com.numpy_ninja.dsalgo.dsintro.test.navigate_to_dsintropage_ddt<br>Parameters: sonyviku, Hackathon3<br/>
<a href="#Output-19724001" onClick='toggleBox("Output-19724001", this, "Show output", "Hide output");'>Show output</a>

<a href="#Output-19724001" onClick="toggleAllBoxes();">Show all outputs</a>
<div class='log' id="Output-19724001">
Validate if the user is able to login with the Valid username and the password<br/>
User navigated to the Home page<br/>
User navigated to the Signin page<br/>
Username value is entered<br/>
Password value is entered<br/>
Submit button is clicked<br/>
User is at the Data Structures Introduction page<br/>
</div>
</td>
<td></td>
<td>10</td>
<td>com.numpy_ninja.dsalgo.dsintro.test.navigate_to_dsintropage_ddt@5d99c6b5</td></tr>
<tr>
<td title='com.numpy_ninja.dsalgo.dsintro.test.timeComplexity_tryEditorPage_test.invalidecode_validation()'><b>invalidecode_validation</b><br>Test class: com.numpy_ninja.dsalgo.dsintro.test.timeComplexity_tryEditorPage_test<br/>
<a href="#Output-2058422037" onClick='toggleBox("Output-2058422037", this, "Show output", "Hide output");'>Show output</a>

<a href="#Output-2058422037" onClick="toggleAllBoxes();">Show all outputs</a>
<div class='log' id="Output-2058422037">
Test to validate if alert is popped when user tries to run invalid code<br/>
Code is written successfully in the editor form<br/>
Run Button clicked successfully<br/>
Alert is popped successfully<br/>
</div>
</td>
<td></td>
<td>4</td>
<td>com.numpy_ninja.dsalgo.dsintro.test.timeComplexity_tryEditorPage_test@13b3d178</td></tr>
<tr>
<td title='com.numpy_ninja.dsalgo.dsintro.test.timeComplexity_tryEditorPage_test.navigate_to_dsintropage()'><b>navigate_to_dsintropage</b><br>Test class: com.numpy_ninja.dsalgo.dsintro.test.timeComplexity_tryEditorPage_test<br/>
<a href="#Output-10019811" onClick='toggleBox("Output-10019811", this, "Show output", "Hide output");'>Show output</a>

<a href="#Output-10019811" onClick="toggleAllBoxes();">Show all outputs</a>
<div class='log' id="Output-10019811">
Validate if the user is able to login with the Valid username and the password<br/>
User navigated to the Home page<br/>
User navigated to the Signin page<br/>
Username value is entered<br/>
Password value is entered<br/>
Submit button is entered<br/>
</div>
</td>
<td></td>
<td>7</td>
<td>com.numpy_ninja.dsalgo.dsintro.test.timeComplexity_tryEditorPage_test@13b3d178</td></tr>
<tr>
<td title='com.numpy_ninja.dsalgo.dsintro.test.timeComplexity_Page_test.navigate_to_timecomplexity()'><b>navigate_to_timecomplexity</b><br>Test class: com.numpy_ninja.dsalgo.dsintro.test.timeComplexity_Page_test<br/>
<a href="#Output-1450108603" onClick='toggleBox("Output-1450108603", this, "Show output", "Hide output");'>Show output</a>

<a href="#Output-1450108603" onClick="toggleAllBoxes();">Show all outputs</a>
<div class='log' id="Output-1450108603">
User is navigated to the Time complexity page<br/>
User clicks on the tryhere button<br/>
User is at the tryEditor page<br/>
</div>
</td>
<td></td>
<td>20</td>
<td>com.numpy_ninja.dsalgo.dsintro.test.timeComplexity_Page_test@266374ef</td></tr>
<tr>
<td title='com.numpy_ninja.dsalgo.dsintro.test.timeComplexity_tryEditorPage_test.navigate_to_timecomplexity()'><b>navigate_to_timecomplexity</b><br>Test class: com.numpy_ninja.dsalgo.dsintro.test.timeComplexity_tryEditorPage_test<br/>
<a href="#Output-974672862" onClick='toggleBox("Output-974672862", this, "Show output", "Hide output");'>Show output</a>

<a href="#Output-974672862" onClick="toggleAllBoxes();">Show all outputs</a>
<div class='log' id="Output-974672862">
User is navigated to the Time complexity page<br/>
User clicks on the tryhere button<br/>
</div>
</td>
<td></td>
<td>4</td>
<td>com.numpy_ninja.dsalgo.dsintro.test.timeComplexity_tryEditorPage_test@13b3d178</td></tr>
<tr>
<td title='com.numpy_ninja.dsalgo.dsintro.test.timeComplexity_tryEditorPage_test.validCode_validation()'><b>validCode_validation</b><br>Test class: com.numpy_ninja.dsalgo.dsintro.test.timeComplexity_tryEditorPage_test<br/>
<a href="#Output-318220128" onClick='toggleBox("Output-318220128", this, "Show output", "Hide output");'>Show output</a>

<a href="#Output-318220128" onClick="toggleAllBoxes();">Show all outputs</a>
<div class='log' id="Output-318220128">
Test to validate if user able to enter valid code , click Run and see the output<br/>
Code is written successfully in the editor form<br/>
Run Button clicked successfully<br/>
Output for the code is displayed successfully<br/>
</div>
</td>
<td></td>
<td>5</td>
<td>com.numpy_ninja.dsalgo.dsintro.test.timeComplexity_tryEditorPage_test@13b3d178</td></tr>
</table><p>
</body>
</html>